<?xml version="1.0" encoding="utf-8"?><testsuites name="pytest tests"><testsuite name="pytest" errors="0" failures="0" skipped="0" tests="13" time="8.457" timestamp="2026-08-09T17:51:47.145595+00:00" hostname="agent-env-1382fbd2-1995-478a-aa79-a630087f1855"><testcase classname="tests.test_auth_and_contact" name="test_health" time="0.261" /><testcase classname="tests.test_auth_and_contact" name="test_admin_login_sets_cookies_and_returns_token" time="0.329" /><testcase classname="tests.test_auth_and_contact" name="test_admin_login_wrong_password_returns_401" time="0.417" /><testcase classname="tests.test_auth_and_contact" name="test_auth_me_returns_admin" time="0.419" /><testcase classname="tests.test_auth_and_contact" name="test_logout_clears_and_me_401" time="0.476" /><testcase classname="tests.test_auth_and_contact" name="test_brute_force_lockout_returns_429" time="2.129" /><testcase classname="tests.test_auth_and_contact" name="test_register_creates_pending_and_sets_cookies" time="0.368" /><testcase classname="tests.test_auth_and_contact" name="test_register_duplicate_returns_409" time="0.462" /><testcase classname="tests.test_auth_and_contact" name="test_register_short_password_returns_422" time="0.117" /><testcase classname="tests.test_auth_and_contact" name="test_pending_user_portal_returns_403" time="0.412" /><testcase classname="tests.test_auth_and_contact" name="test_admin_list_and_approve_user_flow" time="0.849" /><testcase classname="tests.test_auth_and_contact" name="test_admin_deactivate_user_and_self_400" time="0.826" /><testcase classname="tests.test_auth_and_contact" name="test_contact_public_create_and_admin_list_and_mark_read" time="0.749" /></testsuite></testsuites>